\BOOKMARK [0][-]{part.1}{I Introduction}{}% 1
\BOOKMARK [1][-]{section.1}{MMT170817 \205 a historical event}{part.1}% 2
\BOOKMARK [1][-]{section.2}{Description of the multi-messenger observations}{part.1}% 3
\BOOKMARK [2][-]{subsection.2.1}{GW170817: gravitational waves from the inspiral phase}{section.2}% 4
\BOOKMARK [2][-]{subsection.2.2}{GRB170817A: the gamma-ray burst}{section.2}% 5
\BOOKMARK [2][-]{subsection.2.3}{AT 2017gfo: the kilonova}{section.2}% 6
\BOOKMARK [2][-]{subsection.2.4}{The afterglow signal}{section.2}% 7
\BOOKMARK [1][-]{section.3}{Goal of this work: the afterglow of MMT170817 as an insight on the merger event}{part.1}% 8
\BOOKMARK [0][-]{part.2}{II Modelling the afterglow of MMT170817}{}% 9
\BOOKMARK [1][-]{section.4}{The physics of afterglows: deceleration dynamics, radiation and astronomical observables}{part.2}% 10
\BOOKMARK [2][-]{subsection.4.1}{Relativistic deceleration}{section.4}% 11
\BOOKMARK [2][-]{subsection.4.2}{Synchrotron radiation and self-absorption}{section.4}% 12
\BOOKMARK [2][-]{subsection.4.3}{Derivation of the astronomical observable: flux density}{section.4}% 13
\BOOKMARK [2][-]{subsection.4.4}{An illustration of some predicted light curves}{section.4}% 14
\BOOKMARK [1][-]{section.5}{The afterglow of MMT170817: modelling and results}{part.2}% 15
\BOOKMARK [2][-]{subsection.5.1}{Choice and reduction of multi-wavelength data}{section.5}% 16
\BOOKMARK [2][-]{subsection.5.2}{Can the afterglow come from a post-GRB relativistic jet?}{section.5}% 17
\BOOKMARK [2][-]{subsection.5.3}{A quasi-spherical remnant}{section.5}% 18
\BOOKMARK [2][-]{subsection.5.4}{Conclusion}{section.5}% 19
\BOOKMARK [1][-]{section.6}{Discussion around the results from the afterglow modelling}{part.2}% 20
\BOOKMARK [2][-]{subsection.6.1}{General discussion}{section.6}% 21
\BOOKMARK [2][-]{subsection.6.2}{The external medium}{section.6}% 22
\BOOKMARK [2][-]{subsection.6.3}{What of the standard relativistic jet?}{section.6}% 23
\BOOKMARK [0][-]{part.3}{III Perspectives on the study of binary neutron star mergers}{}% 24
\BOOKMARK [1][-]{section.7}{Future rates of events and counterparts}{part.3}% 25
\BOOKMARK [1][-]{section.8}{Insights on other astronomical observables}{part.3}% 26
\BOOKMARK [1][-]{section.9}{Open questions}{part.3}% 27
